[   .000] Intiizg cgousuys cpuet[   0.0000Intialincgoup susycp
[    0.000000] Initializing cgrou ssycpacct
[    0.000000] Linx rson 4.0-38-genri(bld@lcy-a64006)(g vsion 5...0 01609 (butu 54.6unt1~16040) #64-Unt S Te Oc 27::02 TC01(Ubuntu 4..03816-genri4.155)
[   0000] Comanli: BOT_MA=/oot/mluz.4.013geri roo=LELcludim-rtf r conletyconsol=tyS
[   0.000] RNL upord us:  0.0000  ntl GeuiInl
[  00000]  A AheticAD
[  0.000000]   Centaur CentaurHauls
[    0.000000] x86/fpu: xstate_offset[2]:  576, xstate_sizes[2]:  256
[    0.000000] x86/fpu: Supporting XSAVE feature 0x01: 'x87 floating point registers'
[    0.000000] x86/fpu: Supporting XSAVE feature 0x02: 'SSE registers'
[    0.000000] x86/fpu: Supporting XSAVE feature 0x04: 'AVX registers'
[    0.000000] x86/fpu: Enabled xstate features 0x7, context size is 832 byte, usi 'anard'foma
   0.000] 20: IOpridedphic RM ma:   0.000] OS-e20[m 0x000000000000-000000009fbff] usable
[    0.000000] BIOS-e820: [mem 0x000000009c00-00000000ffff] reerd[   .0000 BIO-e0:mem x000000f00x0000000fff] reserved
[   0.00] IOS-82 [em0x00000001000-0x0000003ffeffff] usable
[    0.000000] BIOS-e820: [mem 0x000000003fff0000-0x000000003fffffff] ACPI data
[    .0000] BOS82 [me 0x00000000fec0000-000000fe0f] esrv
   0.00000 BS-e80:me0x0000fe000-x0000fee0f] seve
[  000000] BIOS-e820: [mem 0x00000ff000-x0000fffff rered
[    0.000000] N (ecte Dsae)rotectonacve
  0.0000] MBIO 25 esent.  0.0000 Herviorette: KV
  0.0000] 820:lat_pf =x3f0ma_ah_n  0400000
[   0000] MR: Disabled
[  000000]x8PA MTRs saed, skippg T nitiizti too.
  0.000] CU RRall la -iruaiz ste.
[   0.000]x86/ATCofiuratn 0-: B  W  -   WB W U- UC  
[   0.00] oud P -tble t emx000ff-000ffff mpeat [ff88009fff
  0.0000 Saning  aasorlow emor crrtion
[   00000 RAMSK[mm 0x30c0-03717ff
   0.0000]CPI: rltabe checksum verifcaonisabled
[   0000 ACP: DP0x000000000000004 02BOX )  0.0000]AC: SDT x00003FF00 000C (v1 OX VOXDT000001AS 00061)[  000000]CP FACP 0x000000003FF0F000F4(v VX  VBOFA 00000 A  00001)[   0.000000] API DDTx0000000FF470 021F (2 OX  VBOXBIO 0002 INL 1028
[   0000] CP FS x000003F02000040
[   0000] ACPI: FAC 0000003FFF0200 000040
[    0.000000] ACPI: APIC 0x000000003FFF0240 00005C (v02 VBOX   VBOXAPIC 00000001 ASL  00000061)
[    0.000000]AC: DT 000003FF02A 01C(v01VB  BOXCT 00002 TL010528
[    0.000000] NoNU confurio foud
[  0.000000] Faki aod a [me0x000000000-x000000fefff]
[    0.000000] NODE_DATA(0) allocated [mem 0x3ffeb000-0x3ffefff
[    0.000000] kvm-clock: Usig sr4b564d01 and 4b564d0[   0.000]kvm-lo: u 0, mr 3f301, pimy u clk    0000 kvmlok:singscedfft of41789 cyes[   0.00] lockure: km-clckma: 0xffffffffffma_cles: 1c2effb,maid_ns:8890143 ns
[  00000 Ze ngs:
[  0.000]  DM   [emx0000000010-000000ffff
[   0000] DMA32    [mem 0x000001000000-0x000003fffff
  0.0000]   Normal   empty
[  0000000  vie  empy   0.0000 Mablezo srtfor each node
[   00000]Eay moryno rges  0.0000] node   0: [mem 0x0000000000001000-0x000000000009efff]
[    0.000000]   node   0: [mem 0x0000000000100000-0x000000003ffeffff]
[  0.000 Iitmesep ode  [m x0000000100-0x0000ffefff
[   000000AC: M-Tir  Prt: 000
[    0.000000] IOAPIC[]: aicd  versio 3 aressxf0000, GSI 0-3[   .000000]AC: T_SROV(b 0 bs_q globl_rq dl df)   0.000 ACPI INT_SRC_OVR (bus0 s_q 9 loalir9 lo lel
[    0.000000] Using ACPI (MADT forSMcoiguratoninfmation
[    0.000000] smpboot: Allowing 2 CPUs, 0 hotplug CPUs
[    0.000000] PM: Registered nosave memory: [mem 0x00000000-0x00000fff]
[    0.000000] PM: Registered nosave memory: mem 0x0009f0-x09ffff][  000000]M:egiserednoavmemoy:me0x00a000x00eff]    000000] PM: Registered nosave memory: [mem 0x000f0000-0x000fffff]
[    0.000000] e820: [mem 0x40000000-0xfeffff available for PCI devices
[    0.000000] Booting paraviuaiz kereln M
[  .000] clksrc: efediffie: mak:xfffffmacyes 0ffff, ax_dlns7645190256 ns[  000000]et_perpuNRPU:512 nr_cpumaskbis:512 nr_cpu_ids: nnodeid1[    0.000000] PERCP: beed 34 pages/cpu @ffff88003fc00000 s99608 r8192 d31464 u1048576
[    0.000000] PV qspinlock hash table entries: 256 (order: 0, 4096 bytes)
[    0.000000] Built 1 zonelists in Node order, mobility grouping on.  Total pages: 257912
[    0.000000] Policy zone: DMA32
[    0.000000] Kernel command line: BOOT_IMAGE=/boot/vmlinuz-4.4.0-138-generic root=LABEL=cloudimg-rootfs ro console=tty1 console=ttyS0
[    0.000000] PID hash table entries: 4096 (order: 3, 32768 bytes)
[    0.000000] Memory: 997712K/1048120K available (8563K kernel code, 1314K rwdata, 4004K rodata, 1528K init, 1316K bss, 50408K reserved, 0K cma-reserved)
[    0.000000] SLUB: HWalign=64, Order=0-3, MinObjects=0, CPUs=2, Nodes=1
[    0.000000] Kernel/User page tables isolation: enabled
[    0.000000] Hierarchical RCU implementation.
[    0.000000] 	Build-time adjustment of leaf fanout to 64.
[    0.000000] 	RCU restricting CPUs from NR_CPUS=512 to nr_cpu_ids=2.
[    0.000000] RCU: Adjusting geometry for rcu_fanout_leaf=64, nr_cpu_ids=2
[    0.000000] NR_IRQS:33024 nr_irqs:440 16
[    0.000000] Console: colour VGA+ 80x25
[    0.000000] console [tty1] enabled
[    0.000000] console [ttyS0] enabled
[    0.000000] tsc: Detected 3591.696 MHz processor
[   13.719157] Calibrating delay loop (skipped) preset value.. 7183.39 BogoMIPS (lpj=14366784)
[   13.720428] pid_max: default: 32768 minimum: 301
[   13.827165] ACPI: Core revision 20150930
[   13.913777] ACPI: 2 ACPI AML tables successfully acquired and loaded
[   13.934863] Security Framework initialized
[   14.022357] Yama: becoming mindful.
[   14.146359] AppArmor: AppArmor initialized
[   14.196201] Dentry cache hash table entries: 131072 (order: 8, 1048576 bytes)
[   14.460467] Inode-cache hash table entries: 65536 (order: 7, 524288 bytes)
[   14.688358] Mount-cache hash table entries: 2048 (order: 2, 16384 bytes)
[   14.881566] Mountpoint-cache hash table entries: 2048 (order: 2, 16384 bytes)
[   15.005841] Initializing cgroup subsys io
[   15.013439] Initializing cgroup subsys memory
[   15.014053] Initializing cgroup subsys devices
[   15.014671] Initializing cgroup subsys freezer
[   15.015301] Initializing cgroup subsys net_cls
[   15.015914] Initializing cgroup subsys perf_event
[   15.016609] Initializing cgroup subsys net_prio
[   15.020458] Initializing cgroup subsys hugetlb
[   15.021071] Initializing cgroup subsys pids
[   15.022383] mce: CPU supports 0 MCE banks
[   15.022970] Last level iTLB entries: 4KB 1024, 2MB 1024, 4MB 1024
[   15.023770] Last level dTLB entries: 4KB 1024, 2MB 1024, 4MB 1024, 1GB 4
[   15.024625] Spectre V2 : Mitigation: Full generic retpoline
[   15.025333] Spectre V2 : Spectre v2 mitigation: Speculation control IBPB not-supported IBRS not-supported
[   15.026404] Spectre V2 : Spectre v2 / SpectreRSB mitigation: Filling RSB on context switch
[   15.027746] Speculative Store Bypass: Vulnerable
[   15.030280] Freeing SMP alternatives memory: 32K
[   15.036857] ftrace: allocating 32278 entries in 127 pages
[   15.076569] smpboot: APIC(0) Converting physical 0 to logical package 0
[   15.084226] smpboot: Max logical packages: 1
[   15.085087] x2apic enabled
[   15.085742] Switched APIC routing to physical x2apic.
[   15.087239] ..TIMER: vector=0x30 apic1=0 pin1=2 apic2=-1 pin2=-1
[   15.195637] smpboot: CPU0: Intel(R) Core(TM) i7-4790 CPU @ 3.60GHz (family: 0x6, model: 0x3c, stepping: 0x3)
[   15.518038] Performance Events: unsupported p6 CPU model 60 no PMU driver, software events only.
[   15.795503] KVM setup paravirtual spinlock
[   15.949171] x86: Booting SMP configuration:
[   15.960638] .... node  #0, CPUs:      #1
[   15.961276] kvm-clock: cpu 1, msr 0:3ffe3041, secondary cpu clock
[   15.962561] mce: CPU supports 0 MCE banks
[   15.964911] x86: Booted up 1 node, 2 CPUs
[   15.965649] smpboot: Total of 2 processors activated (14366.78 BogoMIPS)
[   16.017313] devtmpfs: initialized
[   16.050607] evm: security.selinux
[   16.129246] evm: security.SMACK64
[   16.211170] evm: security.SMACK64EXEC
[   16.297212] evm: security.SMACK64TRANSMUTE
[   16.397766] evm: security.SMACK64MMAP
[   16.488550] evm: security.ima
[   16.544210] evm: security.capability
[   16.664495] clocksource: jiffies: mask: 0xffffffff max_cycles: 0xffffffff, max_idle_ns: 7645041785100000 ns
[   16.873496] futex hash table entries: 512 (order: 3, 32768 bytes)
[   17.000296] pinctrl core: initialized pinctrl subsystem
[   17.095855] RTC time: 11:14:14, date: 11/02/18
[   17.130433] NET: Registered protocol family 16
[   17.194109] cpuidle: using governor ladder
[   17.281474] cpuidle: using governor menu
[   17.383191] PCCT header not found.
[   17.451597] ACPI: bus type PCI registered
[   17.557146] acpiphp: ACPI Hot Plug PCI Controller Driver version: 0.5
[   17.729104] PCI: Using configuration type 1 for base access
[   17.881488] ACPI: Added _OSI(Module Device)
[   17.987788] ACPI: Added _OSI(Processor Device)
[   18.100101] ACPI: Added _OSI(3.0 _SCP Extensions)
[   18.142290] ACPI: Added _OSI(Processor Aggregator Device)
[   18.153382] ACPI: Executed 1 blocks of module-level executable AML code
[   18.155763] ACPI: Interpreter enabled
[   18.156301] ACPI: (supports S0 S5)
[   18.156822] ACPI: Using IOAPIC for interrupt routing
[   18.190576] PCI: Using host bridge windows from ACPI; if necessary, use "pci=nocrs" and report a bug
[   18.223291] ACPI: PCI Root Bridge [PCI0] (domain 0000 [bus 00-ff])
[   18.283761] acpi PNP0A03:00: _OSC: OS supports [ASPM ClockPM Segments MSI]
[   18.284611] acpi PNP0A03:00: _OSC: not requesting OS control; OS requires [ExtendedConfig ASPM ClockPM MSI]
[   18.285886] acpi PNP0A03:00: fail to add MMCONFIG information, can't access extended PCI configuration space under this bridge.
[   18.287532] PCI host bridge to bus 0000:00
[   18.288124] pci_bus 0000:00: root bus resource [io  0x0000-0x0cf7 window]
[   18.288967] pci_bus 0000:00: root bus resource [io  0x0d00-0xffff window]
[   18.289845] pci_bus 0000:00: root bus resource [mem 0x000a0000-0x000bffff window]
[   18.290968] pci_bus 0000:00: root bus resource [mem 0x40000000-0xfdffffff window]
[   18.291997] pci_bus 0000:00: root bus resource [bus 00-ff]
[   18.293911] pci 0000:00:01.1: legacy IDE quirk: reg 0x10: [io  0x01f0-0x01f7]
[   18.294839] pci 0000:00:01.1: legacy IDE quirk: reg 0x14: [io  0x03f6]
[   18.295656] pci 0000:00:01.1: legacy IDE quirk: reg 0x18: [io  0x0170-0x0177]
[   18.296530] pci 0000:00:01.1: legacy IDE quirk: reg 0x1c: [io  0x0376]
[   18.314914] pci 0000:00:07.0: quirk: [io  0x4000-0x403f] claimed by PIIX4 ACPI
[   18.315997] pci 0000:00:07.0: quirk: [io  0x4100-0x410f] claimed by PIIX4 SMB
[   18.320258] ACPI: PCI Interrupt Link [LNKA] (IRQs 5 9 10 *11)
[   18.321653] ACPI: PCI Interrupt Link [LNKB] (IRQs 5 9 *10 11)
[   18.322723] ACPI: PCI Interrupt Link [LNKC] (IRQs 5 *9 10 11)
[   18.323841] ACPI: PCI Interrupt Link [LNKD] (IRQs 5 9 10 *11)
[   18.325020] ACPI: Enabled 2 GPEs in block 00 to 07
[   18.326000] vgaarb: setting as boot device: PCI:0000:00:02.0
[   18.326720] vgaarb: device added: PCI:0000:00:02.0,decodes=io+mem,owns=io+mem,locks=none
[   18.327832] vgaarb: loaded
[   18.328271] vgaarb: bridge control possible 0000:00:02.0
[   18.329137] SCSI subsystem initialized
[   18.329803] ACPI: bus type USB registered
[   18.330388] usbcore: registered new interface driver usbfs
[   18.331167] usbcore: registered new interface driver hub
[   18.331890] usbcore: registered new device driver usb
[   18.333296] PCI: Using ACPI for IRQ routing
[   18.334124] NetLabel: Initializing
[   18.334632] NetLabel:  domain hash size = 128
[   18.335267] NetLabel:  protocols = UNLABELED CIPSOv4
[   18.335948] NetLabel:  unlabeled traffic allowed by default
[   18.336795] amd_nb: Cannot enumerate AMD northbridges
[   18.416956] clocksource: Switched to clocksource kvm-clock
[   8.3093 AArr:ppmoFisyemnaed[ 18871]npPnAC init
[   9.780]npPnAC: found 3 devices

[   19.516813] clocksource: acpi_pm: mask: 0xffffff max_cycles: 0xffffff, max_idle_ns: 2085701024 ns
[   19.685456] NET: Registered protocol family 2
[   19.821935] TCP established hash table entries: 8192 (order: 4, 65536 bytes)
[   20.059157] TCP bind hash table entries: 8192 (order: 5, 131072 bytes)
[   20.277875] TCP: Hash tables configured (established 8192 bind 8192)
[   20.324098] UDP hash table entries: 512 (order: 2, 16384 bytes)
[   20.324911] UDP-Lite hash table entries: 512 (order: 2, 16384 bytes)
[   20.325786] NET: Registered protocol family 1
[   20.326434] pci 0000:00:00.0: Limiting direct PCI/PCI transfers
[   20.327287] pci 0000:00:01.0: Activating ISA DMA hang workarounds
[   20.328168] Unpacking initramfs...
[   20.498562] Freeing initrd memory: 14792K
[   20.571717] RAPL PMU detected, API unit is 2^-32 Joules, 4 fixed counters 10737418240 ms ovfl timer
[   20.796448] hw unit of domain pp0-core 2^-0 Joules
[   20.914406] hw unit of domain package 2^-0 Joules
[   21.054937] hw unit of domain dram 2^-0 Joules
[   21.147775] hw unit of domain pp1-gpu 2^-0 Joules
[   21.282505] platform rtc_cmos: registered platform RTC device (no PNP device found)
[   21.397632] Scanning for low memory corruption every 60 seconds
[   21.398788] audit: initializing netlink subsys (disabled)
[   21.399543] audit: type=2000 audit(1541157245.473:1): initialized
[   21.400585] Initialise system trusted keyring
[   21.420474] HugeTLB registered 2 MB page size, pre-allocated 0 pages
[   21.568579] zbud: loaded
[   21.639106] VFS: Disk quotas dquot_6.6.0
[   21.741997] VFS: Dquot-cache hash table entries: 512 (order 0, 4096 bytes)
[   21.965997] squashfs: version 4.0 (2009/01/31) Phillip Lougher
[   22.086234] fuse init (API version 7.23)
[   22.221756] Key type big_key registered
[   22.329232] tsc: Refined TSC clocksource calibration: 3591.406 MHz
[   22.415093] clocksource: tsc: mask: 0xffffffffffffffff max_cycles: 0x33c49cef929, max_idle_ns: 440795374052 ns
[   22.415142] Allocating IMA MOK and blacklist keyrings.
ÿ[   22.415316] Key type asymmetric registered
[   22.415318] Asymmetric key parser 'x509' registered
[   22.415349] Block layer SCSI generic (bsg) driver version 0.4 loaded (major 249)
[   22.415372] io scheduler noop registered
[   22.415374] io scheduler deadline registered (default)
[   22.415396] io scheduler cfq registered
[   22.415470] pci_hotplug: PCI Hot Plug PCI Core version: 0.5
[   22.415475] pciehp: PCI Express Hot Plug Controller Driver version: 0.4
[   22.415571] ACPI: AC Adapter [AC] (on-line)
[   22.415610] input: Power Button as /devices/LNXSYSTM:00/LNXPWRBN:00/input/input0
[   22.415612] ACPI: Power Button [PWRF]
[   22.415660] input: Sleep Button as /devices/LNXSYSTM:00/LNXSLPBN:00/input/input1
[   22.415661] ACPI: Sleep Button [SLPF]
[   22.415785] GHES: HEST is not enabled!
[   22.469320] Serial: 8250/16550 driver, 32 ports, IRQ sharing enabled
[   22.535452] 00:02: ttyS0 at I/O 0x3f8 (irq = 4, base_baud = 115200) is a 16550A
[   22.572174] Linux agpgart interface v0.103
[   22.587685] loop: module loaded
[   22.588039] scsi host0: ata_piix
[   22.588081] scsi host1: ata_piix
[   22.588102] ata1: PATA max UDMA/33 cmd 0x1f0 ctl 0x3f6 bmdma 0xd000 irq 14
[   22.588103] ata2: PATA max UDMA/33 cmd 0x170 ctl 0x376 bmdma 0xd008 irq 15
[   22.588155] libphy: Fixed MDIO Bus: probed
[   22.588156] tun: Universal TUN/TAP device driver, 1.6
[   22.588156] tun: (C) 1999-2004 Max Krasnyansky <maxk@qualcomm.com>
[   22.588390] PPP generic driver version 2.4.2
[   22.588436] ehci_hcd: USB 2.0 'Enhanced' Host Controller (EHCI) Driver
[   22.588438] ehci-pci: EHCI PCI platform driver
[   22.588444] ehci-platform: EHCI generic platform driver
[   22.588449] ohci_hcd: USB 1.1 'Open' Host Controller (OHCI) Driver
[   22.588451] ohci-pci: OHCI PCI platform driver
[   22.588457] ohci-platform: OHCI generic platform driver
[   22.588461] uhci_hcd: USB Universal Host Controller Interface driver
[   22.588497] i8042: PNP: PS/2 Controller [PNP0303:PS2K,PNP0f03:PS2M] at 0x60,0x64 irq 1,12
[   22.588875] serio: i8042 KBD port at 0x60,0x64 irq 1
[   22.588878] serio: i8042 AUX port at 0x60,0x64 irq 12
[   22.588945] mousedev: PS/2 mouse device common for all mice
[   22.589153] input: AT Translated Set 2 keyboard as /devices/platform/i8042/serio0/input/input2
[   22.589413] rtc_cmos rtc_cmos: rtc core: registered rtc_cmos as rtc0
[   22.589452] rtc_cmos rtc_cmos: alarms up to one day, 114 bytes nvram
[   22.589456] i2c /dev entries driver
[   22.589491] device-mapper: uevent: version 1.0.3
[   22.589556] device-mapper: ioctl: 4.34.0-ioctl (2015-10-28) initialised: dm-devel@redhat.com
[   22.589570] ledtrig-cpu: registered to indicate activity on CPUs
[   22.589756] NET: Registered protocol family 10
[   22.589856] NET: Registered protocol family 17
[   22.589864] Key type dns_resolver registered
[   22.590059] registered taskstats version 1
[   22.590069] Loading compiled-in X.509 certificates
[   22.590563] Loaded X.509 cert 'Build time autogenerated kernel key: 9a104bc44b81e9426fe5c715e47d021d02d69eba'
[   22.590586] zswap: loaded using pool lzo/zbud
[   22.634270] Key type trusted registered
[   22.635932] Key type encrypted registered
[   22.635936] AppArmor: AppArmor sha1 policy hashing enabled
[   22.635938] ima: No TPM chip found, activating TPM-bypass!
[   22.635943] ima: Allocated hash algorithm: sha1
[   22.635952] evm: HMAC attrs: 0x1
[   22.636139]   Magic number: 10:513:225
[   22.648504] rtc_cmos rtc_cmos: setting system clock to 2018-11-02 11:14:20 UTC (1541157260)
[   22.648577] BIOS EDD facility v0.16 2004-Jun-25, 0 devices found
[   22.648577] EDD information not available.
[   23.030537] Freeing unused kernel memory: 1528K
[   23.591887] Write protecting the kernel read-only data: 14336k
[   24.074606] Freeing unused kernel memory: 1664K
[   24.139843] Freeing unused kernel memory: 92K
Loading, please wait...
starting version[   24.212789] random: systemd-udevd: uninitialized urandom read (16 bytes read, 3 bits of entropy available)
 229
[   24.213158] random: udevadm: uninitialized urandom read (16 bytes read, 3 bits of entropy available)
[   24.213171] random: udevadm: uninitialized urandom read (16 bytes read, 3 bits of entropy available)
[   24.218230] random: udevadm: uninitialized urandom read (16 bytes read, 3 bits of entropy available)
[   24.218256] random: udevadm: uninitialized urandom read (16 bytes read, 3 bits of entropy available)
[   24.218341] random: udevadm: uninitialized urandom read (16 bytes read, 3 bits of entropy available)
[   24.218372] random: udevadm: uninitialized urandom read (16 bytes read, 3 bits of entropy available)
[   24.218403] random: udevadm: uninitialized urandom read (16 bytes read, 3 bits of entropy available)
[   24.218434] random: udevadm: uninitialized urandom read (16 bytes read, 3 bits of entropy available)
[   24.218464] random: udevadm: uninitialized urandom read (16 bytes read, 3 bits of entropy available)
[   25.763777] e1000: Intel(R) PRO/1000 Network Driver - version 7.3.21-k8-NAPI
[   25.841414] e1000: Copyright (c) 1999-2006 Intel Corporation.
[   25.904009] Fusion MPT base driver 3.04.20
[   25.951238] Copyright (c) 1999-2008 LSI Corporation
[   25.979684] Fusion MPT SPI Host driver 3.04.20
[   25.990963] AVX2 version of gcm_enc/dec engaged.
[   26.055694] AES CTR mode by8 optimization enabled
[   26.212718] input: ImExPS/2 Generic Explorer Mouse as /devices/platform/i8042/serio1/input/input4
[   26.300268] e1000 0000:00:03.0 eth0: (PCI:33MHz:32-bit) 02:8f:0a:cd:38:b7
[   27.587300] e1000 0000:00:03.0 eth0: Intel(R) PRO/1000 Network Connection
[   27.694234] mptbase: ioc0: Initiating bringup
[   27.694479] e1000 0000:00:03.0 enp0s3: renamed from eth0
[   27.905918] ioc0: LSI53C1030 A0: Capabilities={Initiator}
[   28.141914] scsi host2: ioc0: LSI53C1030 A0, FwRev=00000000h, Ports=1, MaxQ=256, IRQ=20
[   28.307436] scsi 2:0:0:0: Direct-Access     VBOX     HARDDISK         1.0  PQ: 0 ANSI: 5
[   28.664198] scsi target2:0:0: Beginning Domain Validation
[   28.758367] scsi target2:0:0: Domain Validation skipping write tests
[   28.759178] scsi target2:0:0: Ending Domain Validation
[   28.759899] scsi target2:0:0: asynchronous
[   28.767872] scsi 2:0:1:0: Direct-Access     VBOX     HARDDISK         1.0  PQ: 0 ANSI: 5
[   29.698580] scsi target2:0:1: Beginning Domain Validation
[   29.800628] scsi target2:0:1: Domain Validation skipping write tests
[   29.801482] scsi target2:0:1: Ending Domain Validation
[   29.802197] scsi target2:0:1: asynchronous
[   29.806738] sd 2:0:0:0: Attached scsi generic sg0 type 0
[   29.951386] sd 2:0:0:0: [sda] 20971520 512-byte logical blocks: (10.7 GB/10.0 GiB)
[   30.034831] sd 2:0:0:0: [sda] Write Protect is off
[   30.035590] sd 2:0:0:0: [sda] Incomplete mode parameter data
[   30.036356] sd 2:0:0:0: [sda] Assuming drive cache: write through
[   30.038100]  sda: sda1
[   30.038568] sd 2:0:1:0: [sdb] 20480 512-byte logical blocks: (10.5 MB/10.0 MiB)
[   30.038592] sd 2:0:1:0: Attached scsi generic sg1 type 0
[   30.042904] sd 2:0:1:0: [sdb] Write Protect is off
[   30.049877] sd 2:0:1:0: [sdb] Incomplete mode parameter data
[   30.050692] sd 2:0:1:0: [sdb] Assuming drive cache: write through
[   30.136849] sd 2:0:0:0: [sda] Attached SCSI disk
[   30.655082] sd 2:0:1:0: [sdb] Attached SCSI disk
Begin: Loading essential drivers[   32.053740] md: linear personality registered for level -1
 ... [   32.118531] md: multipath personality registered for level -4
[   32.121199] md: raid0 personality registered for level 0
[   32.124004] md: raid1 personality registered for level 1
[   32.193387] raid6: sse2x1   gen() 12062 MB/s
[   32.301283] raid6: sse2x1   xor()  9582 MB/s
[   32.413001] raid6: sse2x2   gen() 15736 MB/s
[   32.525342] raid6: sse2x2   xor() 10368 MB/s
[   32.617114] raid6: sse2x4   gen() 17894 MB/s
[   32.733267] raid6: sse2x4   xor() 12628 MB/s
[   32.857003] raid6: avx2x1   gen() 23418 MB/s
[   33.053156] raid6: avx2x2   gen() 28287 MB/s
[   33.265035] raid6: avx2x4   gen() 31395 MB/s
[   33.267054] raid6: using algorithm avx2x4 gen() 31395 MB/s
[   33.267900] raid6: using avx2x2 recovery algorithm
[   33.269926] xor: automatically using best checksumming function:
[   33.313378]    avx       : 30201.000 MB/sec
[   33.315183] async_tx: api initialized (async)
[   33.436220] md: raid6 personality registered for level 6
[   33.584071] md: raid5 personality registered for level 5
[   33.715703] md: raid4 personality registered for level 4
[   33.868285] md: raid10 personality registered for level 10
done.
Begin: Running /scripts/init-premount ...[   34.064264] Btrfs loaded
 done.
Begin: Mounting root file system ... Begin: Running /scripts/local-top ... done.
Begin: Running /scripts/local-premount ... Scanning for Btrfs filesystems
done.
Warning: fsck not present, so skipping root file[   34.152087] EXT4-fs (sda1): mounted filesystem with ordered data mode. Opts: (null)
 system
done.
Begin: Running /scripts/local-bottom ... done.
Begin: Running /scripts/init-bottom ... done.
[   34.761657] systemd[1]: systemd 229 running in system mode. (+PAM +AUDIT +SELINUX +IMA +APPARMOR +SMACK +SYSVINIT +UTMP +LIBCRYPTSETUP +GCRYPT +GNUTLS +ACL +XZ -LZ4 +SECCOMP +BLKID +ELFUTILS +KMOD -IDN)
[   35.242900] systemd[1]: Detected virtualization oracle.
[   35.379006] systemd[1]: Detected architecture x86-64.

Welcome to [1mUbuntu 16.04.5 LTS[0m!

[   35.530570] systemd[1]: Set hostname to <ubuntu>.
[   35.585238] systemd[1]: Initializing machine ID from random generator.
[   35.586715] systemd[1]: Installed transient /etc/machine-id file.
[   35.674060] random: nonblocking pool is initialized
[   36.251388] systemd[1]: Listening on Journal Audit Socket.
[[0;32m  OK  [0m] Listening on Journal Audit Socket.
[   36.414392] systemd[1]: Created slice System Slice.
[[0;32m  OK  [0m] Created slice System Slice.
[   36.492923] systemd[1]: Started Forward Password Requests to Wall Directory Watch.
[[0;32m  OK  [0m] Started Forward Password Requests to Wall Directory Watch.
[   36.642160] systemd[1]: Listening on Journal Socket (/dev/log).
[[0;32m  OK  [0m] Listening on Journal Socket (/dev/log).
[   36.717829] systemd[1]: Listening on Syslog Socket.
[[0;32m  OK  [0m] Listening on Syslog Socket.
[   36.788167] systemd[1]: Listening on Journal Socket.
[[0;32m  OK  [0m] Listening on Journal Socket.
[   36.914240] systemd[1]: Starting Uncomplicated firewall...
         Starting Uncomplicated firewall...
[   36.998030] systemd[1]: Starting Set console keymap...
         Starting Set console keymap...
[   37.041809] systemd[1]: Mounting Debug File System...
         Mounting Debug File System...
[   37.046677] systemd[1]: Starting Create list of required static device nodes for the current kernel...
         Starting Create list of required st... nodes for the current kernel...
[   37.051078] systemd[1]: Listening on LVM2 poll daemon socket.
[[0;32m  OK  [0m] Listening on LVM2 poll daemon socket.
[   37.113142] systemd[1]: Listening on LVM2 metadata daemon socket.
[[0;32m  OK  [0m] Listening on LVM2 metadata daemon socket.
[   37.193855] systemd[1]: Listening on udev Control Socket.
[[0;32m  OK  [0m] Listening on udev Control Socket.
[   37.341462] systemd[1]: Reached target System Time Synchronized.
[[0;32m  OK  [0m] Reached target System Time Synchronized.
[   37.445488] systemd[1]: Reached target Encrypted Volumes.
[[0;32m  OK  [0m] Reached target Encrypted Volumes.
[   37.517422] systemd[1]: Created slice User and Session Slice.
[[0;32m  OK  [0m] Created slice User and Session Slice.
[   37.637196] systemd[1]: Listening on Device-mapper event daemon FIFOs.
[[0;32m  OK  [0m] Listening on Device-mapper event daemon FIFOs.
[   37.769877] systemd[1]: Starting Monitoring of LVM2 mirrors, snapshots etc. using dmeventd or progress polling...
         Starting Monitoring of LVM2 mirrors... dmeventd or progress polling...
[   37.839181] systemd[1]: Starting Remount Root and Kernel File Systems...
         Starting Remount Root and Kernel File Systems...
[   37.840841] systemd[1]: Reached target User and Group Name Lookups.
[[0;32m  OK  [0m] Reached target User and Group Name Lookups.
[   37.842464] systemd[1]: Reached target Slices.
[[0;32m  OK  [0m] Reached target Slices.
[   37.844136] systemd[1]: Starting Nameserver information manager...
         Starting Nameserver information manager...
[   37.845799] systemd[1]: Created slice system-serial\x2dgetty.slice.
[[0;32m  OK  [0m] Created slice system-serial\x2dgetty.slice.
[   37.847724] systemd[1]: Starting Journal Service...
         Starting Journal Service...
[   37.849062] systemd[1]: Listening on udev Kernel Socket.
[[0;32m  OK  [0m] Listening on udev Kernel Socket.
[   37.851422] systemd[1]: Mounting POSIX Message Queue File System...
         Mounting POSIX Message [   37.854284] EXT4-fs (sda1): re-mounted. Opts: (null)
Queue File System...
[   37.858168] systemd[1]: Mounting Huge Pages File System...
         Mounting Huge Pages File System...
[   37.894360] systemd[1]: Started Trigger resolvconf update for networkd DNS.
[[0;32m  OK  [0m] Started Trigger resolvconf update for networkd DNS.
[   37.949420] systemd[1]: Listening on /dev/initctl Compatibility Named Pipe.
[[0;32m  OK  [0m] Listening on /dev/initctl Compatibility Named Pipe.
[   38.206675] systemd[1]: Set up automount Arbitrary Executable File Formats File System Automount Point.
[[0;32m  OK  [0m] Set up automount Arbitrary Executab...ats File System Automount Point.
[   38.460124] systemd[1]: Reached target Swap.
[[0;32m  OK  [0m] Reached target Swap.
[   38.614292] systemd[1]: Starting Load Kernel Modules...
         Starting Load Kernel Modules...
[   38.662841] Loading iSCSI transport class v2.0-870.
[   38.730436] systemd[1]: Mounted POSIX Message Queue File System.
[[0;32m  OK  [0m] Mounted POSIX Message Queue File System.
[   38.763383] systemd[1]: Mounted Debug File System.
[[0;32m  OK  [0m] Mounted Debug File System.
[   38.764739] systemd[1]: Mounted Huge Pages File System.
[[0;32m  OK  [[   38.835762] iscsi: registered transport (tcp)
0m] Mounted Huge Pages File System.
[   38.965703] systemd[1]: Started Journal Service.
[[0;32m  OK  [0m] Started Journal Service.
[[0;32m  OK  [0m] Started Uncomplicated firewa[   39.059026] iscsi: registered transport (iser)
ll.
[[0;32m  OK  [0m] Started Set console keymap.
[[0;32m  OK  [0m] Started Create list of required sta...ce nodes for the current kernel.
[[0;32m  OK  [0m] Started Remount Root and Kernel File Systems.
[[0;32m  OK  [0m] Started Load Kernel Modules.
[[0;32m  OK  [0m] Started Nameserver information manager.
[[0;32m  OK  [0m] Started LVM2 metadata daemon.
         Starting Apply Kernel Variables...
         Mounting FUSE Control File System...
         Starting udev Coldplug all Devices...
         Starting Load/Save Random Seed...
         Starting Create Static Device Nodes in /dev...
         Starting Flush Journal to Persistent Storage...
[[0;32m  OK  [0m] Mounted FUSE Control File System.
[[0;32m  OK  [0m] Started Apply Kernel Variables.
[[0;32m  OK  [0m] Started Load/Save Random Seed.
[[0;32m  OK  [0m] Started Create Static Device Nodes in /dev.
[[0;32m  OK  [0m] Started udev Coldplug all Devices.
[[0;32m  OK  [0m] Started Flush Journal to Persistent Storage.
         Starting udev Kernel Device Manager...
[[0;32m  OK  [0m] Started Monitoring of LVM2 mirrors,...ng dmeventd or progress polling.
[[0;32m  OK  [0m] Started udev Kernel Device Manager.
[[0;32m  OK  [0m] Started Dispatch Password Requests to Console Directory Watch.
[[0;32m  OK  [0m] Reached target Local File Systems (Pre).
[[0;32m  OK  [0m] Reached target Local File Systems.
         Starting Set console font and keymap...
         Starting LSB: AppArmor initialization...
         Starting Create Volatile Files and Directories...
         Starting Tell Plymouth To Write Out Runtime Data...
         Starting Initial cloud-init job (pre-networking)...
         Starting Commit a transient machine-id on disk...
[[0;32m  OK  [0m] Started Create Volatile Files and Directories.
[[0;32m  OK  [0m] Started Set console font and keymap.
[[0;32m  OK  [0m] Started Tell Plymouth To Write Out Runtime Data.
[[0;32m  OK  [0m] Started Commit a transient machine-id on disk.
[[0;32m  OK  [0m] Found device /dev/ttyS0.
[[0;32m  OK  [0m] Listening on Load/Save RF Kill Switch Status /dev/rfkill Watch.
[[0;32m  OK  [0m] Created slice system-getty.slice.
         Starting Update UTMP about System Boot/Shutdown...
[[0;32m  OK  [0m] Started Update UTMP about System Boot/Shutdown.
[[0;32m  OK  [0m] Started LSB: AppArmor initialization.
[   25.602963] cloud-init[603]: Cloud-init v. 18.4-0ubuntu1~16.04.2 running 'init-local' at Fri, 02 Nov 2018 11:14:41 +0000. Up 25.13 seconds.
[[0;32m  OK  [0m] Started Initial cloud-init job (pre-networking).
[[0;32m  OK  [0m] Reached target Network (Pre).
         Starting Raise network interfaces...
[[0;32m  OK  [0m] Started Raise network interfaces.
[[0;32m  OK  [0m] Reached target Network.
         Starting Initial cloud-init job (metadata service crawler)...
[   27.610809] cloud-init[931]: Cloud-init v. 18.4-0ubuntu1~16.04.2 running 'init' at Fri, 02 Nov 2018 11:14:42 +0000. Up 26.37 seconds.
[[0;32m  OK  [0m] Started Initial cloud-init job (metadata service crawler).
[   27.703609] cloud-init[931]: ci-info: +++++++++++++++++++++++++++++++++++++Net device info++++++++++++++++++++++++++++++++++++++
[   27.805163] [cloud-init[0;32m  OK  [0m[931]: ] ci-info: +--------+------+---------------------------+---------------+--------+-------------------+Reached target Cloud-config availability.

[   27.806918] [cloud-init[0;32m  OK  [0m[931]: ] ci-info: | Device |  Up  |          Address          |      Mask     | Scope  |     Hw-Address    |Reached target System Initialization.

         Starting LXD - unix socket.
[[0;32m  OK  [0m] Started Daily apt download activities.
[   28.003216] cloud-init[931]: ci-info: +--------+------+---------------------------+---------------+--------+-------------------+
[   28.121485]          cloud-initStarting Socket activation for snappy daemon.[931]: 
ci-info: | enp0s3 | True |         10.0.2.15         | 255.255.255.0 | global | 02:8f:0a:cd:38:b7 |
[   28.237758] [cloud-init[0;32m  OK  [0m[931]: ] ci-info: | enp0s3 | True | fe80::8f:aff:fecd:38b7/64 |       .       |  link  | 02:8f:0a:cd:38:b7 |Started Daily apt upgrade and clean activities.

[   28.239608] [cloud-init[0;32m  OK  [0m[931]: ] ci-info: |   lo   | True |         127.0.0.1         |   255.0.0.0   |  host  |         .         |Listening on UUID daemon activation socket.

[   28.470183] [cloud-init[0;32m  OK  [0m[931]: ] ci-info: |   lo   | True |          ::1/128          |       .       |  host  |         .         |Started ACPI Events Check.

[[0;32m  OK  [0m] Reached target Paths.
[[0;32m  OK  [0m] Started Daily Cleanup of Temporary Directories.
[   28.471927] cloud-init[931]: ci-info: +--------+------+---------------------------+---------------+--------+-------------------+
[[0;32m  OK  [0m] Reached target Timers.
[   28.723789] [cloud-init[0;32m  OK  [0m[931]: ] ci-info: +++++++++++++++++++++++++++Route IPv4 info++++++++++++++++++++++++++++Listening on ACPID Listen Socket.

[   28.836769] [cloud-init[0;32m  OK  [0m[931]: ] ci-info: +-------+-------------+----------+---------------+-----------+-------+Listening on D-Bus System Message Bus Socket.

[   28.838580] [cloud-init[0;32m  OK  [0m[931]: ] ci-info: | Route | Destination | Gateway  |    Genmask    | Interface | Flags |Reached target Network is Online.

[   29.000918]          cloud-initStarting iSCSI initiator daemon (iscsid)...[931]: 
ci-info: +-------+-------------+----------+---------------+-----------+-------+
[   29.120504] [cloud-init[0;32m  OK  [0m[931]: ] ci-info: |   0   |   0.0.0.0   | 10.0.2.2 |    0.0.0.0    |   enp0s3  |   UG  |Listening on LXD - unix socket.

[[0;32m  OK  [0m] Listening on Socket activation for snappy daemon.
[   29.122177] cloud-init[931]: ci-info: |   1   |   10.0.2.0  | 0.0.0.0  | 255.255.255.0 |   enp0s3  |   U   |
[   29.264808] [cloud-init[0;32m  OK  [0m[931]: ] ci-info: +-------+-------------+----------+---------------+-----------+-------+Reached target Sockets.

[[0;32m  OK  [0m] Reached target Basic System.
[   29.266636] cloud-init[931]: ci-info: +++++++++++++++++++Route IPv6 info+++++++++++++++++++
[   29.385733]          cloud-initStarting Login Service...[931]: 
ci-info: +-------+-------------+---------+-----------+-------+
[   29.440476]          cloud-initStarting LSB: Record successful boot for GRUB...[931]: 
ci-info: | Route | Destination | Gateway | Interface | Flags |
[   29.497834] [cloud-init[0;32m  OK  [0m[931]: ci-info: +-------+-------------+---------+-----------+-------+
] Started ACPI event daemon.
[   29.499727] cloud-init[931]: ci-info: |   0   |  fe80::/64  |    ::   |   enp0s3  |   U   |
[   29.595255] [cloud-init[0;32m  OK  [0m[931]: ] ci-info: |   3   |   ff00::/8  |    ::   |   enp0s3  |   U   |Started FUSE filesystem for LXC.

[   29.597136] cloud-init[931]: ci-info: +-------+-------------+---------+-----------+-------+
         [   29.717331] cloud-init[931]: Generating public/private rsa key pair.
[   29.717585] cloud-init[931]: Your identification has been saved in /etc/ssh/ssh_host_rsa_key.
[   29.718203] cloud-init[931]: Your public key has been saved in /etc/ssh/ssh_host_rsa_key.pub.
[   29.718514] cloud-init[931]: The key fingerprint is:
[   29.718857] cloud-init[931]: SHA256:h+wR4REE1KXYtszQ410r7xgLnL+bx4mldWYWvEcMZrA root@ubuntu-xenial
[   29.719154] cloud-init[931]: The key's randomart image is:
[   29.719489] cloud-init[931]: +---[RSA 2048]----+
[   29.719861] cloud-init[931]: |     .o+=o. ..   |
Starting Pollinate to seed the pseudo random number generator...
[   29.720430] cloud-init[931]: |       =.+   .+  |
[   29.754510] cloud-init[931]: |      o O   E+ o |
[   29.754851] cloud-init[931]: |       B * . .o o|
[   29.755030] cloud-init[931]: |        S + .  + |
[   29.755224] cloud-init[931]: |       o + oo * .|
[   29.755423] cloud-init[931]: |        = .*.* . |
[   29.755606] cloud-init[931]: |         oo*+    |
[   29.755865] cloud-init[931]: |          B+.    |
[   29.755998] cloud-init[931]: +----[SHA256]-----+
[   29.756411] cloud-init[931]: Generating public/private dsa key pair.
[   29.756608] cloud-init[931]: Your identification has been saved in /etc/ssh/ssh_host_dsa_key.
[   29.756813] cloud-init[931]: Your public key has been saved in /etc/ssh/ssh_host_dsa_key.pub.
[   29.757008] cloud-init[931]: The key fingerprint is:
[   29.757214] cloud-init[931]: SHA256:1LqC1cMUIsWNGRIf2g4yUEFkhczZsro6woxzL7eNRx4 root@ubuntu-xenial
[   29.757388] cloud-init[931]: The key's randomart image is:
[   29.757585] cloud-init[931]: +---[DSA 1024]----+
[   29.757785] cloud-init[931]: |.***=+==.        |
[   29.757984] cloud-init[931]: | o* .*+o.o       |
[   29.758210] cloud-init[931]: |  ooo o o .      |
[   29.758407] cloud-init[931]: |  .o o = .       |
[   29.758602] cloud-init[931]: | .    o S        |
[   29.758803] cloud-init[931]: |.    oE  o       |
[   29.759003] cloud-init[931]: |+.  .o...        |
[   29.759226] cloud-init[931]: |*oo .oo.         |
[   29.759430] cloud-init[931]: |++ ++o.          |
[   29.759632] cloud-init[931]: +----[SHA256]-----+
[   29.759826] cloud-init[931]: Generating public/private ecdsa key pair.
[   29.760292] cloud-init[931]: Your identification has been saved in /etc/ssh/ssh_host_ecdsa_key.
[   29.760486] cloud-init[931]: Your public key has been saved in /etc/ssh/ssh_host_ecdsa_key.pub.
[   29.760683] cloud-init[931]: The key fingerprint is:
[   29.760883] cloud-init[931]: SHA256:d1ZoiGHfK0aPYiykfm7EHKSe/l/GljeGdz0RHoyXjPc root@ubuntu-xenial
[   29.761074] cloud-init[931]: The key's randomart image is:
[   29.761275] cloud-init[931]: +---[ECDSA 256]---+
[   29.761467] cloud-init[931]: |        o        |
[   29.761655] cloud-init[931]: |      .. + o .= .|
[   29.761862] cloud-init[931]: |     o. . + +o.O |
[   29.762061] cloud-init[931]: |    .o.. . + o+ +|
[   29.762282] cloud-init[931]: |   ..+..S = =  oE|
[   29.762481] cloud-init[931]: |   .o +o = *   ..|
[   29.762688] cloud-init[931]: |   ....   B = ...|
[   29.762880] cloud-init[931]: |    .o.  + + o  .|
[   29.763101] cloud-init[931]: |     oo..        |
[   29.763286] cloud-init[931]: +----[SHA256]-----+
[   29.763481] cloud-init[931]: Generating public/private ed25519 key pair.
[   29.763683] cloud-init[931]: Your identification has been saved in /etc/ssh/ssh_host_ed25519_key.
[   29.763897] cloud-init[931]: Your public key has been saved in /etc/ssh/ssh_host_ed25519_key.pub.
[   29.764301] cloud-init[931]: The key fingerprint is:
[   29.764487] cloud-init[931]: SHA256:5prNC+vm9OzHnqjLKCP1pKybgpOtg8KsrWMaXOd4BOI root@ubuntu-xenial
[   29.764672] cloud-init[931]: The key's randomart image is:
[   29.764873] cloud-init[931]: +--[ED25519 256]--+
[   29.765089] cloud-init[931]: |                 |
[   29.765278] cloud-init[931]: |                 |
[   29.765485] cloud-init[931]: | . .             |
[   29.765685] cloud-init[931]: |. . .            |
[   29.765882] cloud-init[931]: | E . o  S        |
[   29.766095] cloud-init[931]: |. o *  o         |
[   29.766290] cloud-init[931]: |** = oo ..       |
[   29.766491] cloud-init[931]: |@B* o+.X .o.     |
[   29.767068] cloud-init[931]: |#X.o.+X+O+o      |
[   29.767292] cloud-init[931]: +----[SHA256]-----+
         Starting /etc/rc.local Compatibility...
         Starting Virtualbox guest utils...
[[0;32m  OK  [0m] Started Regular background program processing daemon.
[[0;32m  OK  [0m] Started D-Bus System Message Bus.
         Starting System Logging Service...
         Starting Snappy daemon...
[[0;32m  OK  [0m] Started Deferred execution scheduler.
         Starting Accounts Service...
[[0;32m  OK  [0m] Started Unattended Upgrades Shutdown.
         Starting LSB: MD monitoring daemon...
         Starting LXD - container startup/shutdown...
[[0;32m  OK  [0m] Started System Logging Service.
[[0;32m  OK  [0m] Started iSCSI initiator daemon (iscsid).
[[0;32m  OK  [0m] Started Pollinate to seed the pseudo random number generator.
[[0;32m  OK  [0m] Started /etc/rc.local Compatibility.
         Starting OpenBSD Secure Shell server...
         Starting Login to default iSCSI targets...
[[0;32m  OK  [0m] Started Login Service.
[[0;32m  OK  [0m] Started LSB: Record successful boot for GRUB.
[[0;32m  OK  [0m] Started Login to default iSCSI targets.
[[0;32m  OK  [0m] Reached target Remote File Systems (Pre).
[[0;32m  OK  [0m] Reached target Remote File Systems.
         Starting LSB: automatic crash report generation...
         Starting LSB: daemon to balance interrupts for SMP systems...
         Starting LSB: Set the CPU Frequency Scaling governor to "ondemand"...
         Starting Permit User Sessions...
[[0;32m  OK  [0m] Started LSB: MD monitoring daemon.
[[0;32m  OK  [0m] Started Permit User Sessions.
[[0;32m  OK  [0m] Started OpenBSD Secure Shell server.
[[0;32m  OK  [0m] Started Virtualbox guest utils.
[[0;32m  OK  [0m] Started LSB: Set the CPU Frequency Scaling governor to "ondemand".
[[0;32m  OK  [0m] Started LSB: automatic crash report generation.
         Starting Authenticate and Authorize Users to Run Privileged Tasks...
         Starting Hold until boot process finishes up...
         Starting Terminate Plymouth Boot Screen...
[[0;32m  OK  [0m] Started LSB: daemon to balance interrupts for SMP systems.
[[0;32m  OK  [0m] Started Hold until boot process finishes up.
[[0;32m  OK  [0m] Started Terminate Plymouth Boot Screen.
         Starting Set console scheme...
[[0;32m  OK  [0m] Started Serial Getty on ttyS0.
[[0;32m  OK  [0m] Started Getty on tty1.
[[0;32m  OK  [0m] Reached target Login Prompts.
[[0;32m  OK  [0m] Started Set console scheme.
[[0;32m  OK  [0m] Started Authenticate and Authorize Users to Run Privileged Tasks.
[[0;32m  OK  [0m] Started Accounts Service.
[[0;32m  OK  [0m] Started LXD - container startup/shutdown.
[[0;32m  OK  [0m] Started Snappy daemon.
         Starting Wait until snapd is fully seeded...
[[0;32m  OK  [0m] Created slice User Slice of vagrant.
         Starting User Manager for UID 1000...
[[0;32m  OK  [0m] Started Session 1 of user vagrant.
[[0;32m  OK  [0m] Started User Manager for UID 1000.
[[0;32m  OK  [0m] Started Wait until snapd is fully seeded.
         Starting Apply the settings specified in cloud-config...
[[0;32m  OK  [0m] Reached target Multi-User System.
[[0;32m  OK  [0m] Reached target Graphical Interface.
         Starting Update UTMP about System Runlevel Changes...
[[0;32m  OK  [0m] Started Update UTMP about System Runlevel Changes.
[   35.572616] cloud-init[1310]: Generating locales (this might take a while)...
[   36.625172] cloud-init[1310]:   en_US.UTF-8... done
[   36.660722] cloud-init[1310]: Generation complete.
[   37.563439] cloud-init[1310]: Cloud-init v. 18.4-0ubuntu1~16.04.2 running 'modules:config' at Fri, 02 Nov 2018 11:14:51 +0000. Up 35.15 seconds.
[[0;32m  OK  [0m] Started Apply the settings specified in cloud-config.
         Starting Execute cloud user/final scripts...
ci-info: no authorized ssh keys fingerprints found for user ubuntu.
<14>Nov  2 11:14:53 ec2: 
<14>Nov  2 11:14:53 ec2: #############################################################
<14>Nov  2 11:14:53 ec2: -----BEGIN SSH HOST KEY FINGERPRINTS-----
<14>Nov  2 11:14:53 ec2: 1024 SHA256:1LqC1cMUIsWNGRIf2g4yUEFkhczZsro6woxzL7eNRx4 root@ubuntu-xenial (DSA)
<14>Nov  2 11:14:53 ec2: 256 SHA256:d1ZoiGHfK0aPYiykfm7EHKSe/l/GljeGdz0RHoyXjPc root@ubuntu-xenial (ECDSA)
<14>Nov  2 11:14:53 ec2: 256 SHA256:5prNC+vm9OzHnqjLKCP1pKybgpOtg8KsrWMaXOd4BOI root@ubuntu-xenial (ED25519)
<14>Nov  2 11:14:53 ec2: 2048 SHA256:h+wR4REE1KXYtszQ410r7xgLnL+bx4mldWYWvEcMZrA root@ubuntu-xenial (RSA)
<14>Nov  2 11:14:53 ec2: -----END SSH HOST KEY FINGERPRINTS-----
<14>Nov  2 11:14:53 ec2: #############################################################
-----BEGIN SSH HOST KEY KEYS-----
ecdsa-sha2-nistp256 AAAAE2VjZHNhLXNoYTItbmlzdHAyNTYAAAAIbmlzdHAyNTYAAABBBKPsg/aq0NeSP1agADD7iWlmv0ODjKbKMwoSkqx5uFIEqxM4/aBvHitk5eeHCEL+Ms5Pq8ST9hjcEEWYocfWNO8= root@ubuntu-xenial
ssh-ed25519 AAAAC3NzaC1lZDI1NTE5AAAAIBfEk5OusTxXEZZO8VWusF/Ylhhtin04qAhfmxUNJR5S root@ubuntu-xenial
ssh-rsa AAAAB3NzaC1yc2EAAAADAQABAAABAQC8cEiTZPilJlsnca/Ipl2lWsC9TH6G0MSXehfIG8i577PHykyAowRJytyShElc001ttCmHu5bG8QttdtoowWP718YCMMJl4g7naa4962DH0tJYvhZq6Q7QdodKsCBKqIGDQ2B1qrMKL9OwjdDDgYCvWB58JHjjG960YROWJDhbQ0BxdqTkGVNYBArv1Z0AKIGqNLvzhaFw2h3N375XoVWzFFCsFH+Gl4MBX5K7jckD50AnsvQ8GDPkFeraPgbqojEQC+Fq385ZS8OPG5YDyowYE9ybXDjxcAaPeGiGOeYUpBSpsmIgU3zIchwQfHeXcvB000ZhM0k82nPEJoZqt+iL root@ubuntu-xenial
-----END SSH HOST KEY KEYS-----
[   38.245615] cloud-init[1481]: Cloud-init v. 18.4-0ubuntu1~16.04.2 running 'modules:final' at Fri, 02 Nov 2018 11:14:53 +0000. Up 37.80 seconds.
[   38.252195] cloud-init[1481]: ci-info: no authorized ssh keys fingerprints found for user ubuntu.
[   38.252310] cloud-init[1481]: Cloud-init v. 18.4-0ubuntu1~16.04.2 finished at Fri, 02 Nov 2018 11:14:54 +0000. Datasource DataSourceNoCloud [seed=/dev/sdb][dsmode=net].  Up 38.23 seconds

Ubuntu 16.04.5 LTS ubuntu-xenial ttyS0

ubuntu-xenial login: 